#
# A fatal error has been detected by the Java Runtime Environment:
#
#  EXCEPTION_ACCESS_VIOLATION (0xc0000005) at pc=0x0000000077ba9c12, pid=3116, tid=8140
#
# JRE version: Java(TM) SE Runtime Environment (8.0_20-b26) (build 1.8.0_20-b26)
# Java VM: Java HotSpot(TM) 64-Bit Server VM (25.20-b23 mixed mode windows-amd64 compressed oops)
# Problematic frame:
# C  [ntdll.dll+0x29c12]
#
# Failed to write core dump. Minidumps are not enabled by default on client versions of Windows
#
# If you would like to submit a bug report, please visit:
#   http://bugreport.sun.com/bugreport/crash.jsp
# The crash happened outside the Java Virtual Machine in native code.
# See problematic frame for where to report the bug.
#

---------------  T H R E A D  ---------------

Current thread (0x0000000020c0e000):  JavaThread "LauncherThread" [_thread_in_native, id=8140, stack(0x00000000257c0000,0x00000000258c0000)]

siginfo: ExceptionCode=0xc0000005, reading address 0x000007fef5132f2c

Registers:
RAX=0x0000000000000a99, RBX=0x0000000000032b5c, RCX=0x0000000000001fcb, RDX=0x0000000000001533
RSP=0x00000000258be170, RBP=0x00000000258bf060, RSI=0x00000000258be228, RDI=0x00000000258be750
R8 =0x0000000000000a99, R9 =0x0000000000000000, R10=0x0000000077cb4010, R11=0x000007fef512b000
R12=0x000007fef4f72b5c, R13=0x0000000000000000, R14=0x00000000258bed70, R15=0x0000000077b80000
RIP=0x0000000077ba9c12, EFLAGS=0x0000000000010217

Top of Stack: (sp=0x00000000258be170)
0x00000000258be170:   000000001d4830d8 00000000258be228
0x00000000258be180:   00000000258be1b0 0000000000000000
0x00000000258be190:   00000000258b6000 0000000077b98f14
0x00000000258be1a0:   00000000258c0000 0000000077cc6334
0x00000000258be1b0:   000000000000fe70 000000005dae33f2
0x00000000258be1c0:   0000000020c0e000 0000000000000000
0x00000000258be1d0:   0000000000000000 000000001d4830b8
0x00000000258be1e0:   00000000258bf060 000000001d4d79d8
0x00000000258be1f0:   0000000077cc6334 0000000000000000
0x00000000258be200:   0000000000000000 00000000258c0000
0x00000000258be210:   0000000000000000 00000000258b6000
0x00000000258be220:   00000000258be750 000007fef4f40000
0x00000000258be230:   000000000342bb80 000000001d4814f0
0x00000000258be240:   0000000024a72478 000000005d969c9c
0x00000000258be250:   000000000342bb80 0000000003ba6bc4
0x00000000258be260:   0000000000000000 0000000000000000 

Instructions: (pc=0x0000000077ba9c12)
0x0000000077ba9bf2:   83 ea 01 0f 88 a6 41 fe ff 48 2b 1e 45 33 c9 0f
0x0000000077ba9c02:   1f 00 46 8d 04 0a 41 d1 f8 49 63 c0 48 8d 0c 40
0x0000000077ba9c12:   41 8b 04 8b 4d 8d 14 8b 48 3b d8 72 1b 41 8b 42
0x0000000077ba9c22:   04 48 3b d8 0f 82 2d ff ff ff 45 8d 48 01 41 3b 


Register to memory mapping:

RAX=0x0000000000000a99 is an unknown value
RBX=0x0000000000032b5c is an unknown value
RCX=0x0000000000001fcb is an unknown value
RDX=0x0000000000001533 is an unknown value
RSP=0x00000000258be170 is pointing into the stack for thread: 0x0000000020c0e000
RBP=0x00000000258bf060 is pointing into the stack for thread: 0x0000000020c0e000
RSI=0x00000000258be228 is pointing into the stack for thread: 0x0000000020c0e000
RDI=0x00000000258be750 is pointing into the stack for thread: 0x0000000020c0e000
R8 =0x0000000000000a99 is an unknown value
R9 =0x0000000000000000 is an unknown value
R10=0x0000000077cb4010 is an unknown value
R11=0x000007fef512b000 is an unknown value
R12=0x000007fef4f72b5c is an unknown value
R13=0x0000000000000000 is an unknown value
R14=0x00000000258bed70 is pointing into the stack for thread: 0x0000000020c0e000
R15=0x0000000077b80000 is an unknown value


Stack: [0x00000000257c0000,0x00000000258c0000],  sp=0x00000000258be170,  free space=1016k
Native frames: (J=compiled Java code, j=interpreted, Vv=VM code, C=native code)
C  [ntdll.dll+0x29c12]
C  [ntdll.dll+0x18f14]
C  [ntdll.dll+0x51278]
C  [ntdll.dll+0x4e4b4]
C  [ntdll.dll+0x4e3db]
C  0x000007fef4f72b5c

Java frames: (J=compiled Java code, j=interpreted, Vv=VM code)
j  sun.java2d.d3d.D3DSurfaceData.initOps(III)V+0
j  sun.java2d.d3d.D3DSurfaceData.<init>(Lsun/awt/windows/WComponentPeer;Lsun/java2d/d3d/D3DGraphicsConfig;IILjava/awt/Image;Ljava/awt/image/ColorModel;IILsun/java2d/pipe/hw/ExtendedBufferCapabilities$VSyncType;I)V+76
j  sun.java2d.d3d.D3DSurfaceData.createData(Lsun/awt/windows/WComponentPeer;Ljava/awt/Image;)Lsun/java2d/d3d/D3DSurfaceData;+117
j  sun.java2d.d3d.D3DVolatileSurfaceManager.initAcceleratedSurface()Lsun/java2d/SurfaceData;+59
j  sun.java2d.d3d.D3DVolatileSurfaceManager.restoreAcceleratedSurface()V+62
J 682 C1 sun.awt.image.VolatileSurfaceManager.validate(Ljava/awt/GraphicsConfiguration;)I (204 bytes) @ 0x0000000003e386f4 [0x0000000003e380a0+0x654]
J 681 C1 sun.awt.image.SunVolatileImage.validate(Ljava/awt/GraphicsConfiguration;)I (9 bytes) @ 0x0000000003e392c4 [0x0000000003e391c0+0x104]
J 691 C1 java.awt.Component$FlipBufferStrategy.revalidate(Z)V (143 bytes) @ 0x0000000003e447ec [0x0000000003e442c0+0x52c]
J 689 C1 java.awt.Component$FlipBufferStrategy.getDrawGraphics()Ljava/awt/Graphics; (12 bytes) @ 0x0000000003e439cc [0x0000000003e43800+0x1cc]
J 712 C1 me.jacob.macdougall.launcher.Launcher.render()V (83 bytes) @ 0x0000000003e558a4 [0x0000000003e55360+0x544]
J 739% C2 me.jacob.macdougall.launcher.Launcher.run()V (273 bytes) @ 0x0000000003e67768 [0x0000000003e67320+0x448]
j  java.lang.Thread.run()V+11
v  ~StubRoutines::call_stub

---------------  P R O C E S S  ---------------

Java Threads: ( => current thread )
  0x0000000026909000 JavaThread "Thread-1" daemon [_thread_in_native, id=8916, stack(0x00000000231f0000,0x00000000232f0000)]
=>0x0000000020c0e000 JavaThread "LauncherThread" [_thread_in_native, id=8140, stack(0x00000000257c0000,0x00000000258c0000)]
  0x0000000020bde800 JavaThread "AWT-EventQueue-0" [_thread_blocked, id=7384, stack(0x0000000023ee0000,0x0000000023fe0000)]
  0x0000000020ae2800 JavaThread "AWT-Shutdown" [_thread_blocked, id=7868, stack(0x0000000020540000,0x0000000020640000)]
  0x000000001eb21000 JavaThread "Java2D Disposer" daemon [_thread_blocked, id=6368, stack(0x0000000021270000,0x0000000021370000)]
  0x000000001e878800 JavaThread "Service Thread" daemon [_thread_blocked, id=8892, stack(0x000000001fba0000,0x000000001fca0000)]
  0x000000001e817000 JavaThread "C1 CompilerThread3" daemon [_thread_blocked, id=8888, stack(0x0000000020440000,0x0000000020540000)]
  0x000000001e802800 JavaThread "C2 CompilerThread2" daemon [_thread_blocked, id=8884, stack(0x0000000020260000,0x0000000020360000)]
  0x000000001e7f8800 JavaThread "C2 CompilerThread1" daemon [_thread_blocked, id=8864, stack(0x000000001ff40000,0x0000000020040000)]
  0x000000001e7ef800 JavaThread "C2 CompilerThread0" daemon [_thread_blocked, id=8876, stack(0x0000000020060000,0x0000000020160000)]
  0x000000001e7eb800 JavaThread "Attach Listener" daemon [_thread_blocked, id=8872, stack(0x000000001fde0000,0x000000001fee0000)]
  0x000000001e7ea000 JavaThread "Signal Dispatcher" daemon [_thread_blocked, id=8536, stack(0x000000001f8e0000,0x000000001f9e0000)]
  0x00000000034ab800 JavaThread "Finalizer" daemon [_thread_blocked, id=9152, stack(0x000000001fca0000,0x000000001fda0000)]
  0x000000001d732000 JavaThread "Reference Handler" daemon [_thread_blocked, id=2500, stack(0x000000001fa80000,0x000000001fb80000)]
  0x00000000033ae800 JavaThread "main" [_thread_in_Java, id=8332, stack(0x0000000003790000,0x0000000003890000)]

Other Threads:
  0x000000001e7a3800 VMThread [stack: 0x000000001f7e0000,0x000000001f8e0000] [id=7776]
  0x000000001e87b800 WatcherThread [stack: 0x0000000020660000,0x0000000020760000] [id=8880]

VM state:not at safepoint (normal execution)

VM Mutex/Monitor currently owned by a thread: None

Heap:
 PSYoungGen      total 76288K, used 26302K [0x000000076b300000, 0x0000000770800000, 0x00000007c0000000)
  eden space 65536K, 40% used [0x000000076b300000,0x000000076ccafbb0,0x000000076f300000)
  from space 10752K, 0% used [0x000000076fd80000,0x000000076fd80000,0x0000000770800000)
  to   space 10752K, 0% used [0x000000076f300000,0x000000076f300000,0x000000076fd80000)
 ParOldGen       total 175104K, used 0K [0x00000006c1800000, 0x00000006cc300000, 0x000000076b300000)
  object space 175104K, 0% used [0x00000006c1800000,0x00000006c1800000,0x00000006cc300000)
 Metaspace       used 10107K, capacity 10246K, committed 10496K, reserved 1058816K
  class space    used 1209K, capacity 1251K, committed 1280K, reserved 1048576K

Card table byte_map: [0x0000000012f20000,0x0000000013720000] byte_map_base: 0x000000000f914000

Marking Bits: (ParMarkBitMap*) 0x000000005e0bb460
 Begin Bits: [0x0000000014610000, 0x00000000185b0000)
 End Bits:   [0x00000000185b0000, 0x000000001c550000)

Polling page: 0x0000000002e90000

CodeCache: size=245760Kb used=3405Kb max_used=3405Kb free=242354Kb
 bounds [0x0000000003b60000, 0x0000000003ec0000, 0x0000000012b60000]
 total_blobs=1320 nmethods=838 adapters=397
 compilation: enabled

Compilation events (10 events):
Event: 13.673 Thread 0x000000001e7f8800  834       4       java.util.HashMap::putVal (300 bytes)
Event: 13.682 Thread 0x000000001e7f8800 nmethod 834 0x0000000003eab510 code [0x0000000003eab6c0, 0x0000000003eabe90]
Event: 13.695 Thread 0x000000001e7ef800  835       4       java.util.concurrent.locks.ReentrantLock$Sync::tryRelease (45 bytes)
Event: 13.695 Thread 0x000000001e7ef800 nmethod 835 0x0000000003ea85d0 code [0x0000000003ea8700, 0x0000000003ea87b8]
Event: 14.549 Thread 0x000000001e817000  836       3       java.nio.ByteBuffer::array (35 bytes)
Event: 14.549 Thread 0x000000001e817000 nmethod 836 0x0000000003eaaf50 code [0x0000000003eab0e0, 0x0000000003eab3d8]
Event: 14.733 Thread 0x000000001e817000  837       3       java.awt.Component::dispatchEvent (6 bytes)
Event: 14.733 Thread 0x000000001e817000 nmethod 837 0x0000000003ea81d0 code [0x0000000003ea8340, 0x0000000003ea8548]
Event: 14.733 Thread 0x000000001e817000  838       3       java.awt.Component::dispatchEventImpl (883 bytes)
Event: 14.739 Thread 0x000000001e817000 nmethod 838 0x0000000003eac410 code [0x0000000003eace20, 0x0000000003eb56f8]

GC Heap History (0 events):
No events

Deoptimization events (2 events):
Event: 0.573 Thread 0x0000000020c0e000 Uncommon trap: reason=unreached action=reinterpret pc=0x0000000003d85850 method=me.jacob.macdougall.graphics.UI.REFRESH(Lgraphic/engine/screen/Screen;)V @ 70
Event: 0.585 Thread 0x0000000020c0e000 Uncommon trap: reason=unreached action=reinterpret pc=0x0000000003d83548 method=graphic.engine.screen.Screen.render(Lgraphic/engine/screen/Bitmap;II)V @ 160

Internal exceptions (10 events):
Event: 0.370 Thread 0x00000000033ae800 Exception <a 'java/security/PrivilegedActionException'> (0x000000076becce60) thrown at [D:\re\workspace\8-2-build-windows-amd64-cygwin\jdk8u20\1074\hotspot\src\share\vm\prims\jvm.cpp, line 1275]
Event: 0.381 Thread 0x00000000033ae800 Exception <a 'java/io/FileNotFoundException'> (0x000000076bee3eb8) thrown at [D:\re\workspace\8-2-build-windows-amd64-cygwin\jdk8u20\1074\hotspot\src\share\vm\prims\jni.cpp, line 716]
Event: 0.543 Thread 0x00000000033ae800 Exception <a 'java/security/PrivilegedActionException'> (0x000000076c0ffff8) thrown at [D:\re\workspace\8-2-build-windows-amd64-cygwin\jdk8u20\1074\hotspot\src\share\vm\prims\jvm.cpp, line 1275]
Event: 0.545 Thread 0x00000000033ae800 Exception <a 'java/security/PrivilegedActionException'> (0x000000076c109cf8) thrown at [D:\re\workspace\8-2-build-windows-amd64-cygwin\jdk8u20\1074\hotspot\src\share\vm\prims\jvm.cpp, line 1275]
Event: 0.546 Thread 0x00000000033ae800 Exception <a 'java/security/PrivilegedActionException'> (0x000000076c10dc20) thrown at [D:\re\workspace\8-2-build-windows-amd64-cygwin\jdk8u20\1074\hotspot\src\share\vm\prims\jvm.cpp, line 1275]
Event: 0.546 Thread 0x00000000033ae800 Exception <a 'java/security/PrivilegedActionException'> (0x000000076c111490) thrown at [D:\re\workspace\8-2-build-windows-amd64-cygwin\jdk8u20\1074\hotspot\src\share\vm\prims\jvm.cpp, line 1275]
Event: 0.562 Thread 0x0000000020c0e000 Exception <a 'java/security/PrivilegedActionException'> (0x000000076c32e518) thrown at [D:\re\workspace\8-2-build-windows-amd64-cygwin\jdk8u20\1074\hotspot\src\share\vm\prims\jvm.cpp, line 1275]
Event: 0.584 Thread 0x0000000020c0e000 Exception <a 'java/security/PrivilegedActionException'> (0x000000076c331c48) thrown at [D:\re\workspace\8-2-build-windows-amd64-cygwin\jdk8u20\1074\hotspot\src\share\vm\prims\jvm.cpp, line 1275]
Event: 0.595 Thread 0x0000000020c0e000 Exception <a 'java/security/PrivilegedActionException'> (0x000000076c35e6d0) thrown at [D:\re\workspace\8-2-build-windows-amd64-cygwin\jdk8u20\1074\hotspot\src\share\vm\prims\jvm.cpp, line 1275]
Event: 0.733 Thread 0x0000000020c0e000 Exception <a 'java/security/PrivilegedActionException'> (0x000000076c390b48) thrown at [D:\re\workspace\8-2-build-windows-amd64-cygwin\jdk8u20\1074\hotspot\src\share\vm\prims\jvm.cpp, line 1275]

Events (10 events):
Event: 14.733 Thread 0x0000000020c0d000 Thread exited: 0x0000000020c0d000
Event: 14.733 Thread 0x0000000026904000 Thread exited: 0x0000000026904000
Event: 14.733 loading class java/util/WeakHashMap$KeyIterator
Event: 14.733 loading class java/util/WeakHashMap$HashIterator
Event: 14.733 loading class java/util/WeakHashMap$HashIterator done
Event: 14.733 loading class java/util/WeakHashMap$KeyIterator done
Event: 14.734 Thread 0x000000001e993000 Thread exited: 0x000000001e993000
Event: 14.734 loading class sun/java2d/pipe/hw/AccelDeviceEventNotifier
Event: 14.734 loading class sun/java2d/pipe/hw/AccelDeviceEventNotifier done
Event: 14.755 Thread 0x0000000020a58000 Thread exited: 0x0000000020a58000


Dynamic libraries:
0x000000013f4f0000 - 0x000000013f524000 	C:\Program Files\Java\jre1.8.0_20\bin\javaw.exe
0x0000000077b80000 - 0x0000000077d29000 	C:\Windows\SYSTEM32\ntdll.dll
0x0000000077960000 - 0x0000000077a7f000 	C:\Windows\system32\kernel32.dll
0x000007fefdc40000 - 0x000007fefdcab000 	C:\Windows\system32\KERNELBASE.dll
0x000007fefef40000 - 0x000007feff01b000 	C:\Windows\system32\ADVAPI32.dll
0x000007feffdf0000 - 0x000007feffe8f000 	C:\Windows\system32\msvcrt.dll
0x000007fefecc0000 - 0x000007fefecdf000 	C:\Windows\SYSTEM32\sechost.dll
0x000007fefee10000 - 0x000007fefef3d000 	C:\Windows\system32\RPCRT4.dll
0x0000000077a80000 - 0x0000000077b7a000 	C:\Windows\system32\USER32.dll
0x000007fefece0000 - 0x000007fefed47000 	C:\Windows\system32\GDI32.dll
0x000007feff050000 - 0x000007feff05e000 	C:\Windows\system32\LPK.dll
0x000007fefebf0000 - 0x000007fefecb9000 	C:\Windows\system32\USP10.dll
0x000007fefb8b0000 - 0x000007fefbaa4000 	C:\Windows\WinSxS\amd64_microsoft.windows.common-controls_6595b64144ccf1df_6.0.7601.17514_none_fa396087175ac9ac\COMCTL32.dll
0x000007fefdea0000 - 0x000007fefdf11000 	C:\Windows\system32\SHLWAPI.dll
0x000007feff020000 - 0x000007feff04e000 	C:\Windows\system32\IMM32.DLL
0x000007fefeae0000 - 0x000007fefebe9000 	C:\Windows\system32\MSCTF.dll
0x000007fee14f0000 - 0x000007fee1693000 	C:\Program Files (x86)\Steam\gameoverlayrenderer64.dll
0x000007fef7400000 - 0x000007fef743b000 	C:\Windows\system32\WINMM.dll
0x000007fefe2e0000 - 0x000007fefe4e3000 	C:\Windows\system32\ole32.dll
0x0000000077d50000 - 0x0000000077d57000 	C:\Windows\system32\psapi.dll
0x000000006a5d0000 - 0x000000006a6a2000 	C:\Program Files\Java\jre1.8.0_20\bin\msvcr100.dll
0x000000005d8e0000 - 0x000000005e138000 	C:\Program Files\Java\jre1.8.0_20\bin\server\jvm.dll
0x000007fee50e0000 - 0x000007fee50e9000 	C:\Windows\system32\WSOCK32.dll
0x000007fefea90000 - 0x000007fefeadd000 	C:\Windows\system32\WS2_32.dll
0x000007fefe2d0000 - 0x000007fefe2d8000 	C:\Windows\system32\NSI.dll
0x000000006a780000 - 0x000000006a78f000 	C:\Program Files\Java\jre1.8.0_20\bin\verify.dll
0x000000006a750000 - 0x000000006a778000 	C:\Program Files\Java\jre1.8.0_20\bin\java.dll
0x000000006a730000 - 0x000000006a746000 	C:\Program Files\Java\jre1.8.0_20\bin\zip.dll
0x000007feff060000 - 0x000007feffde8000 	C:\Windows\system32\SHELL32.dll
0x000007fefdad0000 - 0x000007fefdadf000 	C:\Windows\system32\profapi.dll
0x000000005d370000 - 0x000000005d508000 	C:\Program Files\Java\jre1.8.0_20\bin\awt.dll
0x000007fefe750000 - 0x000007fefe827000 	C:\Windows\system32\OLEAUT32.dll
0x000007fefd360000 - 0x000007fefd377000 	C:\Windows\system32\CRYPTSP.dll
0x000007fefd060000 - 0x000007fefd0a7000 	C:\Windows\system32\rsaenh.dll
0x000007fefcdd0000 - 0x000007fefcdee000 	C:\Windows\system32\USERENV.dll
0x000007fefda00000 - 0x000007fefda0f000 	C:\Windows\system32\CRYPTBASE.dll
0x000000006a710000 - 0x000000006a72a000 	C:\Program Files\Java\jre1.8.0_20\bin\net.dll
0x000007fefd300000 - 0x000007fefd355000 	C:\Windows\system32\mswsock.dll
0x000007fefd2f0000 - 0x000007fefd2f7000 	C:\Windows\System32\wship6.dll
0x000007fefc140000 - 0x000007fefc167000 	C:\Windows\system32\IPHLPAPI.DLL
0x000007fefc120000 - 0x000007fefc12b000 	C:\Windows\system32\WINNSI.DLL
0x000007fefbfb0000 - 0x000007fefbfc1000 	C:\Windows\system32\dhcpcsvc6.DLL
0x000007fefbf30000 - 0x000007fefbf48000 	C:\Windows\system32\dhcpcsvc.DLL
0x000000006a6f0000 - 0x000000006a701000 	C:\Program Files\Java\jre1.8.0_20\bin\nio.dll
0x000007fefb420000 - 0x000007fefb438000 	C:\Windows\system32\DWMAPI.DLL
0x000007fefb800000 - 0x000007fefb856000 	C:\Windows\system32\uxtheme.dll
0x000007fefcbc0000 - 0x000007fefcbcc000 	C:\Windows\system32\VERSION.dll
0x0000000180000000 - 0x00000001802b1000 	C:\Windows\system32\nvspcap64.dll
0x000007fefdfc0000 - 0x000007fefe197000 	C:\Windows\system32\SETUPAPI.dll
0x000007fefde60000 - 0x000007fefde96000 	C:\Windows\system32\CFGMGR32.dll
0x000007fefdb80000 - 0x000007fefdb9a000 	C:\Windows\system32\DEVOBJ.dll
0x000007feeeab0000 - 0x000007feeec17000 	C:\Program Files (x86)\NVIDIA Corporation\3D Vision\nvSCPAPI64.dll
0x000007fef6f90000 - 0x000007fef72cc000 	C:\Windows\system32\nvapi64.dll
0x000007fefde20000 - 0x000007fefde5a000 	C:\Windows\system32\WINTRUST.dll
0x000007fefdcb0000 - 0x000007fefde17000 	C:\Windows\system32\CRYPT32.dll
0x000007fefdb70000 - 0x000007fefdb7f000 	C:\Windows\system32\MSASN1.dll
0x0000000069250000 - 0x0000000069297000 	C:\Program Files\Java\jre1.8.0_20\bin\fontmanager.dll
0x000000001f9e0000 - 0x000000001fa79000 	C:\Windows\system32\CLBCatQ.DLL
0x000007fefc8c0000 - 0x000007fefc90b000 	C:\Windows\System32\MMDevApi.dll
0x000007fefc3f0000 - 0x000007fefc51c000 	C:\Windows\System32\PROPSYS.dll
0x000007fef2480000 - 0x000007fef24cf000 	C:\Windows\system32\AUDIOSES.DLL
0x0000000013d80000 - 0x0000000013dd4000 	C:\Program Files (x86)\DisplayFusion\Hooks\AppHookWIN6064_DA0E6B7D-E603-40A4-A81C-2E5F4043F1FE.dll
0x000007fef72d0000 - 0x000007fef73f5000 	C:\Windows\system32\dbghelp.dll

VM Arguments:
jvm_args: -Dfile.encoding=Cp1252 
java_command: me.jacob.macdougall.Destinyor
java_class_path (initial): D:\workspace\Destinyor\bin;D:\workspace\FileReader Engine\dist\File Engine.jar;D:\workspace\Graphic Engine\dist\Graphic Engine.jar;D:\workspace\Input Engine\dist\Input Engine.jar;D:\workspace\Destinyor\out;D:\workspace\Destinyor\res;D:\workspace\Destinyor\Data
Launcher Type: SUN_STANDARD

Environment Variables:
PATH=C:\Program Files (x86)\Steam;C:\Program Files (x86)\NVIDIA Corporation\PhysX\Common;C:\Program Files\Common Files\Microsoft Shared\Windows Live;C:\Program Files (x86)\Common Files\Microsoft Shared\Windows Live;C:\ProgramData\Oracle\Java\javapath;C:\Program Files (x86)\AMD APP\bin\x86_64;C:\Program Files (x86)\AMD APP\bin\x86;C:\Windows\system32;C:\Windows;C:\Windows\System32\Wbem;C:\Windows\System32\WindowsPowerShell\v1.0\;C:\Program Files (x86)\GtkSharp\2.12\bin;C:\Program Files (x86)\Windows Kits\8.1\Windows Performance Toolkit\;C:\Program Files\Microsoft SQL Server\110\Tools\Binn\;C:\Program Files (x86)\Microsoft SDKs\TypeScript\1.0\;C:\Program Files (x86)\Windows Live\Shared
USERNAME=Jacob
OS=Windows_NT
PROCESSOR_IDENTIFIER=AMD64 Family 21 Model 2 Stepping 0, AuthenticAMD



---------------  S Y S T E M  ---------------

OS: Windows 7 , 64 bit Build 7601 Service Pack 1

CPU:total 8 (8 cores per cpu, 1 threads per core) family 21 model 2 stepping 0, cmov, cx8, fxsr, mmx, sse, sse2, sse3, ssse3, sse4.1, sse4.2, popcnt, avx, aes, clmul, mmxext, 3dnowpref, lzcnt, sse4a, tsc, tscinvbit, tscinv, bmi1

Memory: 4k page, physical 16675128k(9927024k free), swap 17721860k(9282468k free)

vm_info: Java HotSpot(TM) 64-Bit Server VM (25.20-b23) for windows-amd64 JRE (1.8.0_20-b26), built on Jul 30 2014 13:51:23 by "java_re" with MS VC++ 10.0 (VS2010)

time: Fri Mar 13 14:31:53 2015
elapsed time: 14 seconds (0d 0h 0m 14s)

